<?xml version="1.0" encoding="UTF-8"?>
<!-- Generated by org.testng.reporters.JUnitReportReporter -->
<testsuite hostname="LAPTOP-I0S1SS7L" name="com.cucumberFramework.testRunner.TestRunner" tests="1" failures="0" timestamp="4 Dec 2019 05:11:47 GMT" time="14.657" errors="0">
  <testcase name="feature" time="14.657" classname="com.cucumberFramework.testRunner.TestRunner"/>
</testsuite> <!-- com.cucumberFramework.testRunner.TestRunner -->
